<?xml version="1.0" encoding="UTF-8"?>
<testng-results ignored="0" total="1" passed="1" failed="0" skipped="0">
  <reporter-output>
  </reporter-output>
  <suite started-at="2026-02-19T22:04:04 IST" name="Default suite" finished-at="2026-02-19T22:04:19 IST" duration-ms="14417">
    <groups>
    </groups>
    <test started-at="2026-02-19T22:04:04 IST" name="Default test" finished-at="2026-02-19T22:04:19 IST" duration-ms="14417">
      <class name="TestRunner.Yatra">
        <test-method signature="demo()[pri:0, instance:TestRunner.Yatra@5656be13]" started-at="2026-02-19T22:04:04 IST" name="demo" finished-at="2026-02-19T22:04:19 IST" duration-ms="14316" status="PASS">
          <reporter-output>
          </reporter-output>
        </test-method> <!-- demo -->
      </class> <!-- TestRunner.Yatra -->
    </test> <!-- Default test -->
  </suite> <!-- Default suite -->
</testng-results>
